[2026-06-03T23:22:17.109Z] info: kubernetes.yaml was copied to the config folder
[2026-06-03T23:22:21.602Z] info: docker.yaml was copied to the config folder
[2026-06-03T23:22:21.603Z] info: services.yaml was copied to the config folder
[2026-06-03T23:22:21.603Z] info: bookmarks.yaml was copied to the config folder
[2026-06-03T23:22:21.604Z] info: proxmox.yaml was copied to the config folder
[2026-06-03T23:22:21.708Z] info: widgets.yaml was copied to the config folder
[2026-06-03T23:22:21.708Z] info: custom.css was copied to the config folder
[2026-06-03T23:22:21.708Z] info: custom.js was copied to the config folder
[2026-06-03T23:22:21.914Z] info: 🌐 i18next is made possible by our own product, Locize — consider powering your project with managed localization (AI, CDN, integrations): https://locize.com 💙
[2026-06-03T23:29:06.739Z] info: 🌐 i18next is made possible by our own product, Locize — consider powering your project with managed localization (AI, CDN, integrations): https://locize.com 💙
[2026-06-03T23:43:12.141Z] warn: <service-helpers> Error parsing service "Traefik" from config. Ensure required fields are present.
[2026-06-03T23:43:12.149Z] warn: <service-helpers> Error parsing service "Traefik" from config. Ensure required fields are present.
[2026-06-03T23:43:12.153Z] info: 🌐 i18next is made possible by our own product, Locize — consider powering your project with managed localization (AI, CDN, integrations): https://locize.com 💙
[2026-06-03T23:43:12.745Z] warn: <service-helpers> Error parsing service "Traefik" from config. Ensure required fields are present.
[2026-06-03T23:44:23.098Z] info: 🌐 i18next is made possible by our own product, Locize — consider powering your project with managed localization (AI, CDN, integrations): https://locize.com 💙
[2026-06-03T23:46:51.933Z] info: 🌐 i18next is made possible by our own product, Locize — consider powering your project with managed localization (AI, CDN, integrations): https://locize.com 💙
[2026-06-03T23:48:02.006Z] info: 🌐 i18next is made possible by our own product, Locize — consider powering your project with managed localization (AI, CDN, integrations): https://locize.com 💙
[2026-06-03T23:50:47.144Z] info: 🌐 i18next is made possible by our own product, Locize — consider powering your project with managed localization (AI, CDN, integrations): https://locize.com 💙
[2026-06-03T23:53:58.765Z] info: 🌐 i18next is made possible by our own product, Locize — consider powering your project with managed localization (AI, CDN, integrations): https://locize.com 💙
[2026-06-03T23:56:22.071Z] info: 🌐 i18next is made possible by our own product, Locize — consider powering your project with managed localization (AI, CDN, integrations): https://locize.com 💙
[2026-06-04T00:11:06.097Z] info: 🌐 i18next is made possible by our own product, Locize — consider powering your project with managed localization (AI, CDN, integrations): https://locize.com 💙
[2026-06-04T00:11:06.705Z] error: <servicesProxy> TypeError: Cannot read properties of undefined (reading 'replace')
    at d (/app/.next/server/chunks/1393.js:1:179)
    at String.replace (<anonymous>)
    at d (/app/.next/server/chunks/1393.js:1:227)
    at l (/app/.next/server/pages/api/services/proxy.js:45:27760)
    at async l (/app/.next/server/pages/api/services/proxy.js:21:27764)
    at async tI (/app/node_modules/.pnpm/next@16.2.4_react-dom@19.2.5_react@19.2.5__react@19.2.5/node_modules/next/dist/compiled/next-server/pages-api.runtime.prod.js:1:101837)
    at async tM.render (/app/node_modules/.pnpm/next@16.2.4_react-dom@19.2.5_react@19.2.5__react@19.2.5/node_modules/next/dist/compiled/next-server/pages-api.runtime.prod.js:1:102552)
    at async Module.n (/app/.next/server/pages/api/services/proxy.js:82:5509)
    at async NextNodeServer.runApi (/app/node_modules/.pnpm/next@16.2.4_react-dom@19.2.5_react@19.2.5__react@19.2.5/node_modules/next/dist/server/next-server.js:695:9)
    at async NextNodeServer.handleCatchallRenderRequest (/app/node_modules/.pnpm/next@16.2.4_react-dom@19.2.5_react@19.2.5__react@19.2.5/node_modules/next/dist/server/next-server.js:335:37)
[2026-06-04T00:11:06.705Z] error: <servicesProxy> TypeError: Cannot read properties of undefined (reading 'replace')
    at d (/app/.next/server/chunks/1393.js:1:179)
    at String.replace (<anonymous>)
    at d (/app/.next/server/chunks/1393.js:1:227)
    at l (/app/.next/server/pages/api/services/proxy.js:45:27760)
    at async l (/app/.next/server/pages/api/services/proxy.js:21:27764)
    at async tI (/app/node_modules/.pnpm/next@16.2.4_react-dom@19.2.5_react@19.2.5__react@19.2.5/node_modules/next/dist/compiled/next-server/pages-api.runtime.prod.js:1:101837)
    at async tM.render (/app/node_modules/.pnpm/next@16.2.4_react-dom@19.2.5_react@19.2.5__react@19.2.5/node_modules/next/dist/compiled/next-server/pages-api.runtime.prod.js:1:102552)
    at async Module.n (/app/.next/server/pages/api/services/proxy.js:82:5509)
    at async NextNodeServer.runApi (/app/node_modules/.pnpm/next@16.2.4_react-dom@19.2.5_react@19.2.5__react@19.2.5/node_modules/next/dist/server/next-server.js:695:9)
    at async NextNodeServer.handleCatchallRenderRequest (/app/node_modules/.pnpm/next@16.2.4_react-dom@19.2.5_react@19.2.5__react@19.2.5/node_modules/next/dist/server/next-server.js:335:37)
[2026-06-04T00:15:48.884Z] error: <servicesProxy> TypeError: Cannot read properties of undefined (reading 'replace')
    at d (/app/.next/server/chunks/1393.js:1:179)
    at String.replace (<anonymous>)
    at d (/app/.next/server/chunks/1393.js:1:227)
    at l (/app/.next/server/pages/api/services/proxy.js:45:27760)
    at async l (/app/.next/server/pages/api/services/proxy.js:21:27764)
    at async tI (/app/node_modules/.pnpm/next@16.2.4_react-dom@19.2.5_react@19.2.5__react@19.2.5/node_modules/next/dist/compiled/next-server/pages-api.runtime.prod.js:1:101837)
    at async tM.render (/app/node_modules/.pnpm/next@16.2.4_react-dom@19.2.5_react@19.2.5__react@19.2.5/node_modules/next/dist/compiled/next-server/pages-api.runtime.prod.js:1:102552)
    at async Module.n (/app/.next/server/pages/api/services/proxy.js:82:5509)
    at async NextNodeServer.runApi (/app/node_modules/.pnpm/next@16.2.4_react-dom@19.2.5_react@19.2.5__react@19.2.5/node_modules/next/dist/server/next-server.js:695:9)
    at async NextNodeServer.handleCatchallRenderRequest (/app/node_modules/.pnpm/next@16.2.4_react-dom@19.2.5_react@19.2.5__react@19.2.5/node_modules/next/dist/server/next-server.js:335:37)
[2026-06-04T00:15:48.906Z] error: <servicesProxy> TypeError: Cannot read properties of undefined (reading 'replace')
    at d (/app/.next/server/chunks/1393.js:1:179)
    at String.replace (<anonymous>)
    at d (/app/.next/server/chunks/1393.js:1:227)
    at l (/app/.next/server/pages/api/services/proxy.js:45:27760)
    at async l (/app/.next/server/pages/api/services/proxy.js:21:27764)
    at async tI (/app/node_modules/.pnpm/next@16.2.4_react-dom@19.2.5_react@19.2.5__react@19.2.5/node_modules/next/dist/compiled/next-server/pages-api.runtime.prod.js:1:101837)
    at async tM.render (/app/node_modules/.pnpm/next@16.2.4_react-dom@19.2.5_react@19.2.5__react@19.2.5/node_modules/next/dist/compiled/next-server/pages-api.runtime.prod.js:1:102552)
    at async Module.n (/app/.next/server/pages/api/services/proxy.js:82:5509)
    at async NextNodeServer.runApi (/app/node_modules/.pnpm/next@16.2.4_react-dom@19.2.5_react@19.2.5__react@19.2.5/node_modules/next/dist/server/next-server.js:695:9)
    at async NextNodeServer.handleCatchallRenderRequest (/app/node_modules/.pnpm/next@16.2.4_react-dom@19.2.5_react@19.2.5__react@19.2.5/node_modules/next/dist/server/next-server.js:335:37)
[2026-06-04T00:15:48.997Z] info: 🌐 i18next is made possible by our own product, Locize — consider powering your project with managed localization (AI, CDN, integrations): https://locize.com 💙
[2026-06-04T00:15:49.586Z] error: <servicesProxy> TypeError: Cannot read properties of undefined (reading 'replace')
    at d (/app/.next/server/chunks/1393.js:1:179)
    at String.replace (<anonymous>)
    at d (/app/.next/server/chunks/1393.js:1:227)
    at l (/app/.next/server/pages/api/services/proxy.js:45:27760)
    at async l (/app/.next/server/pages/api/services/proxy.js:21:27764)
    at async tI (/app/node_modules/.pnpm/next@16.2.4_react-dom@19.2.5_react@19.2.5__react@19.2.5/node_modules/next/dist/compiled/next-server/pages-api.runtime.prod.js:1:101837)
    at async tM.render (/app/node_modules/.pnpm/next@16.2.4_react-dom@19.2.5_react@19.2.5__react@19.2.5/node_modules/next/dist/compiled/next-server/pages-api.runtime.prod.js:1:102552)
    at async Module.n (/app/.next/server/pages/api/services/proxy.js:82:5509)
    at async NextNodeServer.runApi (/app/node_modules/.pnpm/next@16.2.4_react-dom@19.2.5_react@19.2.5__react@19.2.5/node_modules/next/dist/server/next-server.js:695:9)
    at async NextNodeServer.handleCatchallRenderRequest (/app/node_modules/.pnpm/next@16.2.4_react-dom@19.2.5_react@19.2.5__react@19.2.5/node_modules/next/dist/server/next-server.js:335:37)
[2026-06-04T00:15:49.586Z] error: <servicesProxy> TypeError: Cannot read properties of undefined (reading 'replace')
    at d (/app/.next/server/chunks/1393.js:1:179)
    at String.replace (<anonymous>)
    at d (/app/.next/server/chunks/1393.js:1:227)
    at l (/app/.next/server/pages/api/services/proxy.js:45:27760)
    at async l (/app/.next/server/pages/api/services/proxy.js:21:27764)
    at async tI (/app/node_modules/.pnpm/next@16.2.4_react-dom@19.2.5_react@19.2.5__react@19.2.5/node_modules/next/dist/compiled/next-server/pages-api.runtime.prod.js:1:101837)
    at async tM.render (/app/node_modules/.pnpm/next@16.2.4_react-dom@19.2.5_react@19.2.5__react@19.2.5/node_modules/next/dist/compiled/next-server/pages-api.runtime.prod.js:1:102552)
    at async Module.n (/app/.next/server/pages/api/services/proxy.js:82:5509)
    at async NextNodeServer.runApi (/app/node_modules/.pnpm/next@16.2.4_react-dom@19.2.5_react@19.2.5__react@19.2.5/node_modules/next/dist/server/next-server.js:695:9)
    at async NextNodeServer.handleCatchallRenderRequest (/app/node_modules/.pnpm/next@16.2.4_react-dom@19.2.5_react@19.2.5__react@19.2.5/node_modules/next/dist/server/next-server.js:335:37)
[2026-06-04T00:16:54.189Z] error: <servicesProxy> TypeError: Cannot read properties of undefined (reading 'replace')
    at d (/app/.next/server/chunks/1393.js:1:179)
    at String.replace (<anonymous>)
    at d (/app/.next/server/chunks/1393.js:1:227)
    at l (/app/.next/server/pages/api/services/proxy.js:45:27760)
    at async l (/app/.next/server/pages/api/services/proxy.js:21:27764)
    at async tI (/app/node_modules/.pnpm/next@16.2.4_react-dom@19.2.5_react@19.2.5__react@19.2.5/node_modules/next/dist/compiled/next-server/pages-api.runtime.prod.js:1:101837)
    at async tM.render (/app/node_modules/.pnpm/next@16.2.4_react-dom@19.2.5_react@19.2.5__react@19.2.5/node_modules/next/dist/compiled/next-server/pages-api.runtime.prod.js:1:102552)
    at async Module.n (/app/.next/server/pages/api/services/proxy.js:82:5509)
    at async NextNodeServer.runApi (/app/node_modules/.pnpm/next@16.2.4_react-dom@19.2.5_react@19.2.5__react@19.2.5/node_modules/next/dist/server/next-server.js:695:9)
    at async NextNodeServer.handleCatchallRenderRequest (/app/node_modules/.pnpm/next@16.2.4_react-dom@19.2.5_react@19.2.5__react@19.2.5/node_modules/next/dist/server/next-server.js:335:37)
[2026-06-04T00:16:54.189Z] error: <servicesProxy> TypeError: Cannot read properties of undefined (reading 'replace')
    at d (/app/.next/server/chunks/1393.js:1:179)
    at String.replace (<anonymous>)
    at d (/app/.next/server/chunks/1393.js:1:227)
    at l (/app/.next/server/pages/api/services/proxy.js:45:27760)
    at async l (/app/.next/server/pages/api/services/proxy.js:21:27764)
    at async tI (/app/node_modules/.pnpm/next@16.2.4_react-dom@19.2.5_react@19.2.5__react@19.2.5/node_modules/next/dist/compiled/next-server/pages-api.runtime.prod.js:1:101837)
    at async tM.render (/app/node_modules/.pnpm/next@16.2.4_react-dom@19.2.5_react@19.2.5__react@19.2.5/node_modules/next/dist/compiled/next-server/pages-api.runtime.prod.js:1:102552)
    at async Module.n (/app/.next/server/pages/api/services/proxy.js:82:5509)
    at async NextNodeServer.runApi (/app/node_modules/.pnpm/next@16.2.4_react-dom@19.2.5_react@19.2.5__react@19.2.5/node_modules/next/dist/server/next-server.js:695:9)
    at async NextNodeServer.handleCatchallRenderRequest (/app/node_modules/.pnpm/next@16.2.4_react-dom@19.2.5_react@19.2.5__react@19.2.5/node_modules/next/dist/server/next-server.js:335:37)
[2026-06-04T00:18:51.216Z] info: 🌐 i18next is made possible by our own product, Locize — consider powering your project with managed localization (AI, CDN, integrations): https://locize.com 💙
[2026-06-04T00:46:09.786Z] info: 🌐 i18next is made possible by our own product, Locize — consider powering your project with managed localization (AI, CDN, integrations): https://locize.com 💙
[2026-06-04T00:48:02.630Z] info: 🌐 i18next is made possible by our own product, Locize — consider powering your project with managed localization (AI, CDN, integrations): https://locize.com 💙
[2026-06-04T00:49:17.626Z] info: 🌐 i18next is made possible by our own product, Locize — consider powering your project with managed localization (AI, CDN, integrations): https://locize.com 💙
[2026-06-04T00:54:16.779Z] error: <servicesProxy> TypeError: Invalid URL
    at new URL (node:internal/url:818:25)
    at l (/app/.next/server/pages/api/services/proxy.js:45:27883)
    at async l (/app/.next/server/pages/api/services/proxy.js:21:27764)
    at async tI (/app/node_modules/.pnpm/next@16.2.4_react-dom@19.2.5_react@19.2.5__react@19.2.5/node_modules/next/dist/compiled/next-server/pages-api.runtime.prod.js:1:101837)
    at async tM.render (/app/node_modules/.pnpm/next@16.2.4_react-dom@19.2.5_react@19.2.5__react@19.2.5/node_modules/next/dist/compiled/next-server/pages-api.runtime.prod.js:1:102552)
    at async Module.n (/app/.next/server/pages/api/services/proxy.js:82:5509)
    at async NextNodeServer.runApi (/app/node_modules/.pnpm/next@16.2.4_react-dom@19.2.5_react@19.2.5__react@19.2.5/node_modules/next/dist/server/next-server.js:695:9)
    at async NextNodeServer.handleCatchallRenderRequest (/app/node_modules/.pnpm/next@16.2.4_react-dom@19.2.5_react@19.2.5__react@19.2.5/node_modules/next/dist/server/next-server.js:335:37)
    at async NextNodeServer.handleRequestImpl (/app/node_modules/.pnpm/next@16.2.4_react-dom@19.2.5_react@19.2.5__react@19.2.5/node_modules/next/dist/server/base-server.js:934:17)
    at async invokeRender (/app/node_modules/.pnpm/next@16.2.4_react-dom@19.2.5_react@19.2.5__react@19.2.5/node_modules/next/dist/server/lib/router-server.js:266:21)
[2026-06-04T00:54:16.780Z] error: <servicesProxy> TypeError: Invalid URL
    at new URL (node:internal/url:818:25)
    at l (/app/.next/server/pages/api/services/proxy.js:45:27883)
    at async l (/app/.next/server/pages/api/services/proxy.js:21:27764)
    at async tI (/app/node_modules/.pnpm/next@16.2.4_react-dom@19.2.5_react@19.2.5__react@19.2.5/node_modules/next/dist/compiled/next-server/pages-api.runtime.prod.js:1:101837)
    at async tM.render (/app/node_modules/.pnpm/next@16.2.4_react-dom@19.2.5_react@19.2.5__react@19.2.5/node_modules/next/dist/compiled/next-server/pages-api.runtime.prod.js:1:102552)
    at async Module.n (/app/.next/server/pages/api/services/proxy.js:82:5509)
    at async NextNodeServer.runApi (/app/node_modules/.pnpm/next@16.2.4_react-dom@19.2.5_react@19.2.5__react@19.2.5/node_modules/next/dist/server/next-server.js:695:9)
    at async NextNodeServer.handleCatchallRenderRequest (/app/node_modules/.pnpm/next@16.2.4_react-dom@19.2.5_react@19.2.5__react@19.2.5/node_modules/next/dist/server/next-server.js:335:37)
    at async NextNodeServer.handleRequestImpl (/app/node_modules/.pnpm/next@16.2.4_react-dom@19.2.5_react@19.2.5__react@19.2.5/node_modules/next/dist/server/base-server.js:934:17)
    at async invokeRender (/app/node_modules/.pnpm/next@16.2.4_react-dom@19.2.5_react@19.2.5__react@19.2.5/node_modules/next/dist/server/lib/router-server.js:266:21)
[2026-06-04T00:54:16.783Z] info: 🌐 i18next is made possible by our own product, Locize — consider powering your project with managed localization (AI, CDN, integrations): https://locize.com 💙
[2026-06-04T00:54:17.679Z] error: <servicesProxy> TypeError: Invalid URL
    at new URL (node:internal/url:818:25)
    at l (/app/.next/server/pages/api/services/proxy.js:45:27883)
    at async l (/app/.next/server/pages/api/services/proxy.js:21:27764)
    at async tI (/app/node_modules/.pnpm/next@16.2.4_react-dom@19.2.5_react@19.2.5__react@19.2.5/node_modules/next/dist/compiled/next-server/pages-api.runtime.prod.js:1:101837)
    at async tM.render (/app/node_modules/.pnpm/next@16.2.4_react-dom@19.2.5_react@19.2.5__react@19.2.5/node_modules/next/dist/compiled/next-server/pages-api.runtime.prod.js:1:102552)
    at async Module.n (/app/.next/server/pages/api/services/proxy.js:82:5509)
    at async NextNodeServer.runApi (/app/node_modules/.pnpm/next@16.2.4_react-dom@19.2.5_react@19.2.5__react@19.2.5/node_modules/next/dist/server/next-server.js:695:9)
    at async NextNodeServer.handleCatchallRenderRequest (/app/node_modules/.pnpm/next@16.2.4_react-dom@19.2.5_react@19.2.5__react@19.2.5/node_modules/next/dist/server/next-server.js:335:37)
    at async NextNodeServer.handleRequestImpl (/app/node_modules/.pnpm/next@16.2.4_react-dom@19.2.5_react@19.2.5__react@19.2.5/node_modules/next/dist/server/base-server.js:934:17)
    at async invokeRender (/app/node_modules/.pnpm/next@16.2.4_react-dom@19.2.5_react@19.2.5__react@19.2.5/node_modules/next/dist/server/lib/router-server.js:266:21)
[2026-06-04T00:54:17.680Z] error: <servicesProxy> TypeError: Invalid URL
    at new URL (node:internal/url:818:25)
    at l (/app/.next/server/pages/api/services/proxy.js:45:27883)
    at async l (/app/.next/server/pages/api/services/proxy.js:21:27764)
    at async tI (/app/node_modules/.pnpm/next@16.2.4_react-dom@19.2.5_react@19.2.5__react@19.2.5/node_modules/next/dist/compiled/next-server/pages-api.runtime.prod.js:1:101837)
    at async tM.render (/app/node_modules/.pnpm/next@16.2.4_react-dom@19.2.5_react@19.2.5__react@19.2.5/node_modules/next/dist/compiled/next-server/pages-api.runtime.prod.js:1:102552)
    at async Module.n (/app/.next/server/pages/api/services/proxy.js:82:5509)
    at async NextNodeServer.runApi (/app/node_modules/.pnpm/next@16.2.4_react-dom@19.2.5_react@19.2.5__react@19.2.5/node_modules/next/dist/server/next-server.js:695:9)
    at async NextNodeServer.handleCatchallRenderRequest (/app/node_modules/.pnpm/next@16.2.4_react-dom@19.2.5_react@19.2.5__react@19.2.5/node_modules/next/dist/server/next-server.js:335:37)
    at async NextNodeServer.handleRequestImpl (/app/node_modules/.pnpm/next@16.2.4_react-dom@19.2.5_react@19.2.5__react@19.2.5/node_modules/next/dist/server/base-server.js:934:17)
    at async invokeRender (/app/node_modules/.pnpm/next@16.2.4_react-dom@19.2.5_react@19.2.5__react@19.2.5/node_modules/next/dist/server/lib/router-server.js:266:21)
[2026-06-04T00:54:26.891Z] error: <servicesProxy> TypeError: Invalid URL
    at new URL (node:internal/url:818:25)
    at l (/app/.next/server/pages/api/services/proxy.js:45:27883)
    at async l (/app/.next/server/pages/api/services/proxy.js:21:27764)
    at async tI (/app/node_modules/.pnpm/next@16.2.4_react-dom@19.2.5_react@19.2.5__react@19.2.5/node_modules/next/dist/compiled/next-server/pages-api.runtime.prod.js:1:101837)
    at async tM.render (/app/node_modules/.pnpm/next@16.2.4_react-dom@19.2.5_react@19.2.5__react@19.2.5/node_modules/next/dist/compiled/next-server/pages-api.runtime.prod.js:1:102552)
    at async Module.n (/app/.next/server/pages/api/services/proxy.js:82:5509)
    at async NextNodeServer.runApi (/app/node_modules/.pnpm/next@16.2.4_react-dom@19.2.5_react@19.2.5__react@19.2.5/node_modules/next/dist/server/next-server.js:695:9)
    at async NextNodeServer.handleCatchallRenderRequest (/app/node_modules/.pnpm/next@16.2.4_react-dom@19.2.5_react@19.2.5__react@19.2.5/node_modules/next/dist/server/next-server.js:335:37)
    at async NextNodeServer.handleRequestImpl (/app/node_modules/.pnpm/next@16.2.4_react-dom@19.2.5_react@19.2.5__react@19.2.5/node_modules/next/dist/server/base-server.js:934:17)
    at async invokeRender (/app/node_modules/.pnpm/next@16.2.4_react-dom@19.2.5_react@19.2.5__react@19.2.5/node_modules/next/dist/server/lib/router-server.js:266:21)
[2026-06-04T00:54:26.892Z] error: <servicesProxy> TypeError: Invalid URL
    at new URL (node:internal/url:818:25)
    at l (/app/.next/server/pages/api/services/proxy.js:45:27883)
    at async l (/app/.next/server/pages/api/services/proxy.js:21:27764)
    at async tI (/app/node_modules/.pnpm/next@16.2.4_react-dom@19.2.5_react@19.2.5__react@19.2.5/node_modules/next/dist/compiled/next-server/pages-api.runtime.prod.js:1:101837)
    at async tM.render (/app/node_modules/.pnpm/next@16.2.4_react-dom@19.2.5_react@19.2.5__react@19.2.5/node_modules/next/dist/compiled/next-server/pages-api.runtime.prod.js:1:102552)
    at async Module.n (/app/.next/server/pages/api/services/proxy.js:82:5509)
    at async NextNodeServer.runApi (/app/node_modules/.pnpm/next@16.2.4_react-dom@19.2.5_react@19.2.5__react@19.2.5/node_modules/next/dist/server/next-server.js:695:9)
    at async NextNodeServer.handleCatchallRenderRequest (/app/node_modules/.pnpm/next@16.2.4_react-dom@19.2.5_react@19.2.5__react@19.2.5/node_modules/next/dist/server/next-server.js:335:37)
    at async NextNodeServer.handleRequestImpl (/app/node_modules/.pnpm/next@16.2.4_react-dom@19.2.5_react@19.2.5__react@19.2.5/node_modules/next/dist/server/base-server.js:934:17)
    at async invokeRender (/app/node_modules/.pnpm/next@16.2.4_react-dom@19.2.5_react@19.2.5__react@19.2.5/node_modules/next/dist/server/lib/router-server.js:266:21)
[2026-06-04T00:54:46.176Z] error: <servicesProxy> TypeError: Invalid URL
    at new URL (node:internal/url:818:25)
    at l (/app/.next/server/pages/api/services/proxy.js:45:27883)
    at async l (/app/.next/server/pages/api/services/proxy.js:21:27764)
    at async tI (/app/node_modules/.pnpm/next@16.2.4_react-dom@19.2.5_react@19.2.5__react@19.2.5/node_modules/next/dist/compiled/next-server/pages-api.runtime.prod.js:1:101837)
    at async tM.render (/app/node_modules/.pnpm/next@16.2.4_react-dom@19.2.5_react@19.2.5__react@19.2.5/node_modules/next/dist/compiled/next-server/pages-api.runtime.prod.js:1:102552)
    at async Module.n (/app/.next/server/pages/api/services/proxy.js:82:5509)
    at async NextNodeServer.runApi (/app/node_modules/.pnpm/next@16.2.4_react-dom@19.2.5_react@19.2.5__react@19.2.5/node_modules/next/dist/server/next-server.js:695:9)
    at async NextNodeServer.handleCatchallRenderRequest (/app/node_modules/.pnpm/next@16.2.4_react-dom@19.2.5_react@19.2.5__react@19.2.5/node_modules/next/dist/server/next-server.js:335:37)
    at async NextNodeServer.handleRequestImpl (/app/node_modules/.pnpm/next@16.2.4_react-dom@19.2.5_react@19.2.5__react@19.2.5/node_modules/next/dist/server/base-server.js:934:17)
    at async invokeRender (/app/node_modules/.pnpm/next@16.2.4_react-dom@19.2.5_react@19.2.5__react@19.2.5/node_modules/next/dist/server/lib/router-server.js:266:21)
[2026-06-04T00:54:46.177Z] error: <servicesProxy> TypeError: Invalid URL
    at new URL (node:internal/url:818:25)
    at l (/app/.next/server/pages/api/services/proxy.js:45:27883)
    at async l (/app/.next/server/pages/api/services/proxy.js:21:27764)
    at async tI (/app/node_modules/.pnpm/next@16.2.4_react-dom@19.2.5_react@19.2.5__react@19.2.5/node_modules/next/dist/compiled/next-server/pages-api.runtime.prod.js:1:101837)
    at async tM.render (/app/node_modules/.pnpm/next@16.2.4_react-dom@19.2.5_react@19.2.5__react@19.2.5/node_modules/next/dist/compiled/next-server/pages-api.runtime.prod.js:1:102552)
    at async Module.n (/app/.next/server/pages/api/services/proxy.js:82:5509)
    at async NextNodeServer.runApi (/app/node_modules/.pnpm/next@16.2.4_react-dom@19.2.5_react@19.2.5__react@19.2.5/node_modules/next/dist/server/next-server.js:695:9)
    at async NextNodeServer.handleCatchallRenderRequest (/app/node_modules/.pnpm/next@16.2.4_react-dom@19.2.5_react@19.2.5__react@19.2.5/node_modules/next/dist/server/next-server.js:335:37)
    at async NextNodeServer.handleRequestImpl (/app/node_modules/.pnpm/next@16.2.4_react-dom@19.2.5_react@19.2.5__react@19.2.5/node_modules/next/dist/server/base-server.js:934:17)
    at async invokeRender (/app/node_modules/.pnpm/next@16.2.4_react-dom@19.2.5_react@19.2.5__react@19.2.5/node_modules/next/dist/server/lib/router-server.js:266:21)
[2026-06-04T00:56:31.374Z] error: <servicesProxy> TypeError: Invalid URL
    at new URL (node:internal/url:818:25)
    at l (/app/.next/server/pages/api/services/proxy.js:45:27883)
    at async l (/app/.next/server/pages/api/services/proxy.js:21:27764)
    at async tI (/app/node_modules/.pnpm/next@16.2.4_react-dom@19.2.5_react@19.2.5__react@19.2.5/node_modules/next/dist/compiled/next-server/pages-api.runtime.prod.js:1:101837)
    at async tM.render (/app/node_modules/.pnpm/next@16.2.4_react-dom@19.2.5_react@19.2.5__react@19.2.5/node_modules/next/dist/compiled/next-server/pages-api.runtime.prod.js:1:102552)
    at async Module.n (/app/.next/server/pages/api/services/proxy.js:82:5509)
    at async NextNodeServer.runApi (/app/node_modules/.pnpm/next@16.2.4_react-dom@19.2.5_react@19.2.5__react@19.2.5/node_modules/next/dist/server/next-server.js:695:9)
    at async NextNodeServer.handleCatchallRenderRequest (/app/node_modules/.pnpm/next@16.2.4_react-dom@19.2.5_react@19.2.5__react@19.2.5/node_modules/next/dist/server/next-server.js:335:37)
    at async NextNodeServer.handleRequestImpl (/app/node_modules/.pnpm/next@16.2.4_react-dom@19.2.5_react@19.2.5__react@19.2.5/node_modules/next/dist/server/base-server.js:934:17)
    at async invokeRender (/app/node_modules/.pnpm/next@16.2.4_react-dom@19.2.5_react@19.2.5__react@19.2.5/node_modules/next/dist/server/lib/router-server.js:266:21)
[2026-06-04T00:56:31.455Z] error: <servicesProxy> TypeError: Invalid URL
    at new URL (node:internal/url:818:25)
    at l (/app/.next/server/pages/api/services/proxy.js:45:27883)
    at async l (/app/.next/server/pages/api/services/proxy.js:21:27764)
    at async tI (/app/node_modules/.pnpm/next@16.2.4_react-dom@19.2.5_react@19.2.5__react@19.2.5/node_modules/next/dist/compiled/next-server/pages-api.runtime.prod.js:1:101837)
    at async tM.render (/app/node_modules/.pnpm/next@16.2.4_react-dom@19.2.5_react@19.2.5__react@19.2.5/node_modules/next/dist/compiled/next-server/pages-api.runtime.prod.js:1:102552)
    at async Module.n (/app/.next/server/pages/api/services/proxy.js:82:5509)
    at async NextNodeServer.runApi (/app/node_modules/.pnpm/next@16.2.4_react-dom@19.2.5_react@19.2.5__react@19.2.5/node_modules/next/dist/server/next-server.js:695:9)
    at async NextNodeServer.handleCatchallRenderRequest (/app/node_modules/.pnpm/next@16.2.4_react-dom@19.2.5_react@19.2.5__react@19.2.5/node_modules/next/dist/server/next-server.js:335:37)
    at async NextNodeServer.handleRequestImpl (/app/node_modules/.pnpm/next@16.2.4_react-dom@19.2.5_react@19.2.5__react@19.2.5/node_modules/next/dist/server/base-server.js:934:17)
    at async invokeRender (/app/node_modules/.pnpm/next@16.2.4_react-dom@19.2.5_react@19.2.5__react@19.2.5/node_modules/next/dist/server/lib/router-server.js:266:21)
[2026-06-04T00:56:31.459Z] info: 🌐 i18next is made possible by our own product, Locize — consider powering your project with managed localization (AI, CDN, integrations): https://locize.com 💙
[2026-06-04T00:56:32.265Z] error: <servicesProxy> TypeError: Invalid URL
    at new URL (node:internal/url:818:25)
    at l (/app/.next/server/pages/api/services/proxy.js:45:27883)
    at async l (/app/.next/server/pages/api/services/proxy.js:21:27764)
    at async tI (/app/node_modules/.pnpm/next@16.2.4_react-dom@19.2.5_react@19.2.5__react@19.2.5/node_modules/next/dist/compiled/next-server/pages-api.runtime.prod.js:1:101837)
    at async tM.render (/app/node_modules/.pnpm/next@16.2.4_react-dom@19.2.5_react@19.2.5__react@19.2.5/node_modules/next/dist/compiled/next-server/pages-api.runtime.prod.js:1:102552)
    at async Module.n (/app/.next/server/pages/api/services/proxy.js:82:5509)
    at async NextNodeServer.runApi (/app/node_modules/.pnpm/next@16.2.4_react-dom@19.2.5_react@19.2.5__react@19.2.5/node_modules/next/dist/server/next-server.js:695:9)
    at async NextNodeServer.handleCatchallRenderRequest (/app/node_modules/.pnpm/next@16.2.4_react-dom@19.2.5_react@19.2.5__react@19.2.5/node_modules/next/dist/server/next-server.js:335:37)
    at async NextNodeServer.handleRequestImpl (/app/node_modules/.pnpm/next@16.2.4_react-dom@19.2.5_react@19.2.5__react@19.2.5/node_modules/next/dist/server/base-server.js:934:17)
    at async invokeRender (/app/node_modules/.pnpm/next@16.2.4_react-dom@19.2.5_react@19.2.5__react@19.2.5/node_modules/next/dist/server/lib/router-server.js:266:21)
[2026-06-04T00:56:32.265Z] error: <servicesProxy> TypeError: Invalid URL
    at new URL (node:internal/url:818:25)
    at l (/app/.next/server/pages/api/services/proxy.js:45:27883)
    at async l (/app/.next/server/pages/api/services/proxy.js:21:27764)
    at async tI (/app/node_modules/.pnpm/next@16.2.4_react-dom@19.2.5_react@19.2.5__react@19.2.5/node_modules/next/dist/compiled/next-server/pages-api.runtime.prod.js:1:101837)
    at async tM.render (/app/node_modules/.pnpm/next@16.2.4_react-dom@19.2.5_react@19.2.5__react@19.2.5/node_modules/next/dist/compiled/next-server/pages-api.runtime.prod.js:1:102552)
    at async Module.n (/app/.next/server/pages/api/services/proxy.js:82:5509)
    at async NextNodeServer.runApi (/app/node_modules/.pnpm/next@16.2.4_react-dom@19.2.5_react@19.2.5__react@19.2.5/node_modules/next/dist/server/next-server.js:695:9)
    at async NextNodeServer.handleCatchallRenderRequest (/app/node_modules/.pnpm/next@16.2.4_react-dom@19.2.5_react@19.2.5__react@19.2.5/node_modules/next/dist/server/next-server.js:335:37)
    at async NextNodeServer.handleRequestImpl (/app/node_modules/.pnpm/next@16.2.4_react-dom@19.2.5_react@19.2.5__react@19.2.5/node_modules/next/dist/server/base-server.js:934:17)
    at async invokeRender (/app/node_modules/.pnpm/next@16.2.4_react-dom@19.2.5_react@19.2.5__react@19.2.5/node_modules/next/dist/server/lib/router-server.js:266:21)
[2026-06-04T00:58:08.056Z] error: <servicesProxy> TypeError: d.replace is not a function
    at d (/app/.next/server/chunks/1393.js:1:179)
    at String.replace (<anonymous>)
    at d (/app/.next/server/chunks/1393.js:1:227)
    at l (/app/.next/server/pages/api/services/proxy.js:45:27760)
    at async l (/app/.next/server/pages/api/services/proxy.js:21:27764)
    at async tI (/app/node_modules/.pnpm/next@16.2.4_react-dom@19.2.5_react@19.2.5__react@19.2.5/node_modules/next/dist/compiled/next-server/pages-api.runtime.prod.js:1:101837)
    at async tM.render (/app/node_modules/.pnpm/next@16.2.4_react-dom@19.2.5_react@19.2.5__react@19.2.5/node_modules/next/dist/compiled/next-server/pages-api.runtime.prod.js:1:102552)
    at async Module.n (/app/.next/server/pages/api/services/proxy.js:82:5509)
    at async NextNodeServer.runApi (/app/node_modules/.pnpm/next@16.2.4_react-dom@19.2.5_react@19.2.5__react@19.2.5/node_modules/next/dist/server/next-server.js:695:9)
    at async NextNodeServer.handleCatchallRenderRequest (/app/node_modules/.pnpm/next@16.2.4_react-dom@19.2.5_react@19.2.5__react@19.2.5/node_modules/next/dist/server/next-server.js:335:37)
[2026-06-04T00:58:08.058Z] error: <servicesProxy> TypeError: d.replace is not a function
    at d (/app/.next/server/chunks/1393.js:1:179)
    at String.replace (<anonymous>)
    at d (/app/.next/server/chunks/1393.js:1:227)
    at l (/app/.next/server/pages/api/services/proxy.js:45:27760)
    at async l (/app/.next/server/pages/api/services/proxy.js:21:27764)
    at async tI (/app/node_modules/.pnpm/next@16.2.4_react-dom@19.2.5_react@19.2.5__react@19.2.5/node_modules/next/dist/compiled/next-server/pages-api.runtime.prod.js:1:101837)
    at async tM.render (/app/node_modules/.pnpm/next@16.2.4_react-dom@19.2.5_react@19.2.5__react@19.2.5/node_modules/next/dist/compiled/next-server/pages-api.runtime.prod.js:1:102552)
    at async Module.n (/app/.next/server/pages/api/services/proxy.js:82:5509)
    at async NextNodeServer.runApi (/app/node_modules/.pnpm/next@16.2.4_react-dom@19.2.5_react@19.2.5__react@19.2.5/node_modules/next/dist/server/next-server.js:695:9)
    at async NextNodeServer.handleCatchallRenderRequest (/app/node_modules/.pnpm/next@16.2.4_react-dom@19.2.5_react@19.2.5__react@19.2.5/node_modules/next/dist/server/next-server.js:335:37)
[2026-06-04T00:58:08.062Z] info: 🌐 i18next is made possible by our own product, Locize — consider powering your project with managed localization (AI, CDN, integrations): https://locize.com 💙
[2026-06-04T00:58:08.653Z] error: <servicesProxy> TypeError: d.replace is not a function
    at d (/app/.next/server/chunks/1393.js:1:179)
    at String.replace (<anonymous>)
    at d (/app/.next/server/chunks/1393.js:1:227)
    at l (/app/.next/server/pages/api/services/proxy.js:45:27760)
    at async l (/app/.next/server/pages/api/services/proxy.js:21:27764)
    at async tI (/app/node_modules/.pnpm/next@16.2.4_react-dom@19.2.5_react@19.2.5__react@19.2.5/node_modules/next/dist/compiled/next-server/pages-api.runtime.prod.js:1:101837)
    at async tM.render (/app/node_modules/.pnpm/next@16.2.4_react-dom@19.2.5_react@19.2.5__react@19.2.5/node_modules/next/dist/compiled/next-server/pages-api.runtime.prod.js:1:102552)
    at async Module.n (/app/.next/server/pages/api/services/proxy.js:82:5509)
    at async NextNodeServer.runApi (/app/node_modules/.pnpm/next@16.2.4_react-dom@19.2.5_react@19.2.5__react@19.2.5/node_modules/next/dist/server/next-server.js:695:9)
    at async NextNodeServer.handleCatchallRenderRequest (/app/node_modules/.pnpm/next@16.2.4_react-dom@19.2.5_react@19.2.5__react@19.2.5/node_modules/next/dist/server/next-server.js:335:37)
[2026-06-04T00:58:08.654Z] error: <servicesProxy> TypeError: d.replace is not a function
    at d (/app/.next/server/chunks/1393.js:1:179)
    at String.replace (<anonymous>)
    at d (/app/.next/server/chunks/1393.js:1:227)
    at l (/app/.next/server/pages/api/services/proxy.js:45:27760)
    at async l (/app/.next/server/pages/api/services/proxy.js:21:27764)
    at async tI (/app/node_modules/.pnpm/next@16.2.4_react-dom@19.2.5_react@19.2.5__react@19.2.5/node_modules/next/dist/compiled/next-server/pages-api.runtime.prod.js:1:101837)
    at async tM.render (/app/node_modules/.pnpm/next@16.2.4_react-dom@19.2.5_react@19.2.5__react@19.2.5/node_modules/next/dist/compiled/next-server/pages-api.runtime.prod.js:1:102552)
    at async Module.n (/app/.next/server/pages/api/services/proxy.js:82:5509)
    at async NextNodeServer.runApi (/app/node_modules/.pnpm/next@16.2.4_react-dom@19.2.5_react@19.2.5__react@19.2.5/node_modules/next/dist/server/next-server.js:695:9)
    at async NextNodeServer.handleCatchallRenderRequest (/app/node_modules/.pnpm/next@16.2.4_react-dom@19.2.5_react@19.2.5__react@19.2.5/node_modules/next/dist/server/next-server.js:335:37)
[2026-06-04T00:58:48.581Z] error: <servicesProxy> TypeError: d.replace is not a function
    at d (/app/.next/server/chunks/1393.js:1:179)
    at String.replace (<anonymous>)
    at d (/app/.next/server/chunks/1393.js:1:227)
    at l (/app/.next/server/pages/api/services/proxy.js:45:27760)
    at async l (/app/.next/server/pages/api/services/proxy.js:21:27764)
    at async tI (/app/node_modules/.pnpm/next@16.2.4_react-dom@19.2.5_react@19.2.5__react@19.2.5/node_modules/next/dist/compiled/next-server/pages-api.runtime.prod.js:1:101837)
    at async tM.render (/app/node_modules/.pnpm/next@16.2.4_react-dom@19.2.5_react@19.2.5__react@19.2.5/node_modules/next/dist/compiled/next-server/pages-api.runtime.prod.js:1:102552)
    at async Module.n (/app/.next/server/pages/api/services/proxy.js:82:5509)
    at async NextNodeServer.runApi (/app/node_modules/.pnpm/next@16.2.4_react-dom@19.2.5_react@19.2.5__react@19.2.5/node_modules/next/dist/server/next-server.js:695:9)
    at async NextNodeServer.handleCatchallRenderRequest (/app/node_modules/.pnpm/next@16.2.4_react-dom@19.2.5_react@19.2.5__react@19.2.5/node_modules/next/dist/server/next-server.js:335:37)
[2026-06-04T00:58:48.582Z] error: <servicesProxy> TypeError: d.replace is not a function
    at d (/app/.next/server/chunks/1393.js:1:179)
    at String.replace (<anonymous>)
    at d (/app/.next/server/chunks/1393.js:1:227)
    at l (/app/.next/server/pages/api/services/proxy.js:45:27760)
    at async l (/app/.next/server/pages/api/services/proxy.js:21:27764)
    at async tI (/app/node_modules/.pnpm/next@16.2.4_react-dom@19.2.5_react@19.2.5__react@19.2.5/node_modules/next/dist/compiled/next-server/pages-api.runtime.prod.js:1:101837)
    at async tM.render (/app/node_modules/.pnpm/next@16.2.4_react-dom@19.2.5_react@19.2.5__react@19.2.5/node_modules/next/dist/compiled/next-server/pages-api.runtime.prod.js:1:102552)
    at async Module.n (/app/.next/server/pages/api/services/proxy.js:82:5509)
    at async NextNodeServer.runApi (/app/node_modules/.pnpm/next@16.2.4_react-dom@19.2.5_react@19.2.5__react@19.2.5/node_modules/next/dist/server/next-server.js:695:9)
    at async NextNodeServer.handleCatchallRenderRequest (/app/node_modules/.pnpm/next@16.2.4_react-dom@19.2.5_react@19.2.5__react@19.2.5/node_modules/next/dist/server/next-server.js:335:37)
[2026-06-04T00:58:48.588Z] info: 🌐 i18next is made possible by our own product, Locize — consider powering your project with managed localization (AI, CDN, integrations): https://locize.com 💙
[2026-06-04T00:58:49.173Z] error: <servicesProxy> TypeError: d.replace is not a function
    at d (/app/.next/server/chunks/1393.js:1:179)
    at String.replace (<anonymous>)
    at d (/app/.next/server/chunks/1393.js:1:227)
    at l (/app/.next/server/pages/api/services/proxy.js:45:27760)
    at async l (/app/.next/server/pages/api/services/proxy.js:21:27764)
    at async tI (/app/node_modules/.pnpm/next@16.2.4_react-dom@19.2.5_react@19.2.5__react@19.2.5/node_modules/next/dist/compiled/next-server/pages-api.runtime.prod.js:1:101837)
    at async tM.render (/app/node_modules/.pnpm/next@16.2.4_react-dom@19.2.5_react@19.2.5__react@19.2.5/node_modules/next/dist/compiled/next-server/pages-api.runtime.prod.js:1:102552)
    at async Module.n (/app/.next/server/pages/api/services/proxy.js:82:5509)
    at async NextNodeServer.runApi (/app/node_modules/.pnpm/next@16.2.4_react-dom@19.2.5_react@19.2.5__react@19.2.5/node_modules/next/dist/server/next-server.js:695:9)
    at async NextNodeServer.handleCatchallRenderRequest (/app/node_modules/.pnpm/next@16.2.4_react-dom@19.2.5_react@19.2.5__react@19.2.5/node_modules/next/dist/server/next-server.js:335:37)
[2026-06-04T00:58:49.174Z] error: <servicesProxy> TypeError: d.replace is not a function
    at d (/app/.next/server/chunks/1393.js:1:179)
    at String.replace (<anonymous>)
    at d (/app/.next/server/chunks/1393.js:1:227)
    at l (/app/.next/server/pages/api/services/proxy.js:45:27760)
    at async l (/app/.next/server/pages/api/services/proxy.js:21:27764)
    at async tI (/app/node_modules/.pnpm/next@16.2.4_react-dom@19.2.5_react@19.2.5__react@19.2.5/node_modules/next/dist/compiled/next-server/pages-api.runtime.prod.js:1:101837)
    at async tM.render (/app/node_modules/.pnpm/next@16.2.4_react-dom@19.2.5_react@19.2.5__react@19.2.5/node_modules/next/dist/compiled/next-server/pages-api.runtime.prod.js:1:102552)
    at async Module.n (/app/.next/server/pages/api/services/proxy.js:82:5509)
    at async NextNodeServer.runApi (/app/node_modules/.pnpm/next@16.2.4_react-dom@19.2.5_react@19.2.5__react@19.2.5/node_modules/next/dist/server/next-server.js:695:9)
    at async NextNodeServer.handleCatchallRenderRequest (/app/node_modules/.pnpm/next@16.2.4_react-dom@19.2.5_react@19.2.5__react@19.2.5/node_modules/next/dist/server/next-server.js:335:37)
[2026-06-04T00:59:16.266Z] info: 🌐 i18next is made possible by our own product, Locize — consider powering your project with managed localization (AI, CDN, integrations): https://locize.com 💙
